WARNING:dd.bdd:Missing bits:  support - care_vars = {'s4', 's7', 's3', 's6', 's1', 's2', 's5'}
WARNING:dd.bdd:Missing bits:  support - care_vars = {'s4', 's3', 's6', 's1', 's2', 's5'}
WARNING:dd.bdd:Missing bits:  support - care_vars = {'s4', 's7', 's6', 's1', 's2', 's5'}
WARNING:dd.bdd:Missing bits:  support - care_vars = {'s4', 's7', 's6', 's1', 's2', 's5'}
WARNING:dd.bdd:Missing bits:  support - care_vars = {'s4', 's3', 's6', 's1', 's2', 's5'}
WARNING:dd.bdd:Missing bits:  support - care_vars = {'s4', 's7', 's3', 's6', 's1', 's2', 's5'}
WARNING:dd.bdd:Missing bits:  support - care_vars = {'s4', 's7', 's3', 's6', 's1', 's2', 's5'}
WARNING:dd.bdd:Missing bits:  support - care_vars = {'s4', 's3', 's6', 's1', 's2', 's5'}
WARNING:dd.bdd:Missing bits:  support - care_vars = {'s4', 's7', 's6', 's1', 's2', 's5'}
WARNING:dd.bdd:Missing bits:  support - care_vars = {'s4', 's7', 's3', 's6', 's1', 's2', 's5'}
WARNING:dd.bdd:Missing bits:  support - care_vars = {'s1', 's2', 's5'}
WARNING:dd.bdd:Missing bits:  support - care_vars = {'s4', 's7', 's6', 's1', 's2', 's5'}
WARNING:dd.bdd:Missing bits:  support - care_vars = {'s4', 's3', 's6', 's1', 's2', 's5'}
WARNING:dd.bdd:Missing bits:  support - care_vars = {'s4', 's7', 's3', 's6', 's1', 's2', 's5'}
WARNING:dd.bdd:Missing bits:  support - care_vars = {'s4', 's7', 's3', 's6', 's1', 's2', 's5'}
WARNING:dd.bdd:Missing bits:  support - care_vars = {'s4', 's3', 's6', 's1', 's2', 's5'}
WARNING:dd.bdd:Missing bits:  support - care_vars = {'s4', 's7', 's3', 's6', 's1', 's2', 's5'}
WARNING:dd.bdd:Missing bits:  support - care_vars = {'s4', 's7', 's3', 's6', 's1', 's2', 's5'}
WARNING:dd.bdd:Missing bits:  support - care_vars = {'s4', 's3', 's6', 's1', 's2', 's5'}
WARNING:dd.bdd:Missing bits:  support - care_vars = {'s4', 's3', 's6', 's1', 's2', 's5'}
WARNING:dd.bdd:Missing bits:  support - care_vars = {'s4', 's7', 's3', 's6', 's1', 's2', 's5'}
WARNING:dd.bdd:Missing bits:  support - care_vars = {'s4', 's7', 's3', 's6', 's1', 's2', 's5'}
WARNING:dd.bdd:Missing bits:  support - care_vars = {'s3', 's1', 's2', 's5'}
WARNING:dd.bdd:Missing bits:  support - care_vars = {'s4', 's7', 's3', 's6', 's1', 's2', 's5'}
WARNING:dd.bdd:Missing bits:  support - care_vars = {'s4', 's3', 's6', 's1', 's2', 's5'}
WARNING:dd.bdd:Missing bits:  support - care_vars = {'s4', 's7', 's3', 's6', 's1', 's2', 's5'}
WARNING:dd.bdd:Missing bits:  support - care_vars = {'s4', 's7', 's3', 's6', 's1', 's2', 's5'}
WARNING:dd.bdd:Missing bits:  support - care_vars = {'s4', 's7', 's3', 's6', 's1', 's2', 's5'}
WARNING:dd.bdd:Missing bits:  support - care_vars = {'s4', 's3', 's6', 's1', 's2', 's5'}
WARNING:dd.bdd:Missing bits:  support - care_vars = {'s4', 's7', 's6', 's1', 's2', 's5'}
WARNING:dd.bdd:Missing bits:  support - care_vars = {'s4', 's7', 's6', 's1', 's2', 's5'}
WARNING:dd.bdd:Missing bits:  support - care_vars = {'s4', 's3', 's6', 's1', 's2', 's5'}
WARNING:dd.bdd:Missing bits:  support - care_vars = {'s4', 's7', 's3', 's6', 's1', 's2', 's5'}
WARNING:dd.bdd:Missing bits:  support - care_vars = {'s4', 's7', 's3', 's6', 's1', 's2', 's5'}
WARNING:dd.bdd:Missing bits:  support - care_vars = {'s4', 's3', 's6', 's1', 's2', 's5'}
WARNING:dd.bdd:Missing bits:  support - care_vars = {'s4', 's7', 's6', 's1', 's2', 's5'}
WARNING:dd.bdd:Missing bits:  support - care_vars = {'s4', 's7', 's3', 's6', 's1', 's2', 's5'}
WARNING:dd.bdd:Missing bits:  support - care_vars = {'s1', 's2', 's5'}
WARNING:dd.bdd:Missing bits:  support - care_vars = {'s4', 's7', 's6', 's1', 's2', 's5'}
WARNING:dd.bdd:Missing bits:  support - care_vars = {'s4', 's3', 's6', 's1', 's2', 's5'}
WARNING:dd.bdd:Missing bits:  support - care_vars = {'s4', 's7', 's3', 's6', 's1', 's2', 's5'}
WARNING:dd.bdd:Missing bits:  support - care_vars = {'s4', 's7', 's3', 's6', 's1', 's2', 's5'}
WARNING:dd.bdd:Missing bits:  support - care_vars = {'s4', 's3', 's6', 's1', 's2', 's5'}
WARNING:dd.bdd:Missing bits:  support - care_vars = {'s4', 's7', 's6', 's1', 's2', 's5'}
WARNING:dd.bdd:Missing bits:  support - care_vars = {'s4', 's7', 's6', 's1', 's2', 's5'}
WARNING:dd.bdd:Missing bits:  support - care_vars = {'s4', 's3', 's6', 's1', 's2', 's5'}
WARNING:dd.bdd:Missing bits:  support - care_vars = {'s4', 's7', 's3', 's6', 's1', 's2', 's5'}
WARNING:dd.bdd:Missing bits:  support - care_vars = {'s4', 's7', 's3', 's6', 's1', 's2', 's5'}
WARNING:dd.bdd:Missing bits:  support - care_vars = {'s4', 's3', 's6', 's1', 's2', 's5'}
WARNING:dd.bdd:Missing bits:  support - care_vars = {'s4', 's7', 's6', 's1', 's2', 's5'}
WARNING:dd.bdd:Missing bits:  support - care_vars = {'s4', 's7', 's6', 's1', 's2', 's5'}
WARNING:dd.bdd:Missing bits:  support - care_vars = {'s4', 's3', 's6', 's1', 's2', 's5'}
WARNING:dd.bdd:Missing bits:  support - care_vars = {'s4', 's7', 's3', 's6', 's1', 's2', 's5'}
WARNING:dd.bdd:Missing bits:  support - care_vars = {'s4', 's7', 's3', 's6', 's1', 's2', 's5'}
WARNING:dd.bdd:Missing bits:  support - care_vars = {'s4', 's7', 's3', 's6', 's1', 's2', 's5'}
WARNING:dd.bdd:Missing bits:  support - care_vars = {'s4', 's3', 's6', 's1', 's2', 's5'}
WARNING:dd.bdd:Missing bits:  support - care_vars = {'s4', 's7', 's6', 's1', 's2', 's5'}
WARNING:dd.bdd:Missing bits:  support - care_vars = {'s4', 's7', 's6', 's1', 's2', 's5'}
WARNING:dd.bdd:Missing bits:  support - care_vars = {'s4', 's3', 's6', 's1', 's2', 's5'}
WARNING:dd.bdd:Missing bits:  support - care_vars = {'s4', 's7', 's3', 's6', 's1', 's2', 's5'}
WARNING:dd.bdd:Missing bits:  support - care_vars = {'s4', 's7', 's3', 's6', 's1', 's2', 's5'}
WARNING:dd.bdd:Missing bits:  support - care_vars = {'s4', 's3', 's6', 's1', 's2', 's5'}
WARNING:dd.bdd:Missing bits:  support - care_vars = {'s4', 's7', 's6', 's1', 's2', 's5'}
WARNING:dd.bdd:Missing bits:  support - care_vars = {'s4', 's7', 's3', 's6', 's1', 's2', 's5'}
WARNING:dd.bdd:Missing bits:  support - care_vars = {'s1', 's2', 's5'}
WARNING:dd.bdd:Missing bits:  support - care_vars = {'s4', 's7', 's6', 's1', 's2', 's5'}
WARNING:dd.bdd:Missing bits:  support - care_vars = {'s4', 's3', 's6', 's1', 's2', 's5'}
WARNING:dd.bdd:Missing bits:  support - care_vars = {'s4', 's7', 's3', 's6', 's1', 's2', 's5'}
WARNING:dd.bdd:Missing bits:  support - care_vars = {'s4', 's7', 's3', 's6', 's1', 's2', 's5'}
WARNING:dd.bdd:Missing bits:  support - care_vars = {'s4', 's3', 's6', 's1', 's2', 's5'}
WARNING:dd.bdd:Missing bits:  support - care_vars = {'s4', 's7', 's3', 's6', 's1', 's2', 's5'}
WARNING:dd.bdd:Missing bits:  support - care_vars = {'s4', 's7', 's3', 's6', 's1', 's2', 's5'}
WARNING:dd.bdd:Missing bits:  support - care_vars = {'s4', 's3', 's6', 's1', 's2', 's5'}
WARNING:dd.bdd:Missing bits:  support - care_vars = {'s4', 's3', 's6', 's1', 's2', 's5'}
WARNING:dd.bdd:Missing bits:  support - care_vars = {'s4', 's7', 's3', 's6', 's1', 's2', 's5'}
WARNING:dd.bdd:Missing bits:  support - care_vars = {'s4', 's7', 's3', 's6', 's1', 's2', 's5'}
WARNING:dd.bdd:Missing bits:  support - care_vars = {'s3', 's1', 's2', 's5'}
WARNING:dd.bdd:Missing bits:  support - care_vars = {'s4', 's7', 's3', 's6', 's1', 's2', 's5'}
WARNING:dd.bdd:Missing bits:  support - care_vars = {'s4', 's3', 's6', 's1', 's2', 's5'}
WARNING:dd.bdd:Missing bits:  support - care_vars = {'s4', 's7', 's3', 's6', 's1', 's2', 's5'}
WARNING:dd.bdd:Missing bits:  support - care_vars = {'s4', 's7', 's3', 's6', 's1', 's2', 's5'}
WARNING:dd.bdd:Missing bits:  support - care_vars = {'s3', 's5', 's6', 's2', 's1', 's4', 's7'}
WARNING:dd.bdd:Missing bits:  support - care_vars = {'s3', 's5', 's6', 's2', 's1', 's4'}
WARNING:dd.bdd:Missing bits:  support - care_vars = {'s5', 's6', 's2', 's1', 's4', 's7'}
WARNING:dd.bdd:Missing bits:  support - care_vars = {'s5', 's6', 's2', 's1', 's4', 's7'}
WARNING:dd.bdd:Missing bits:  support - care_vars = {'s3', 's5', 's6', 's2', 's1', 's4'}
WARNING:dd.bdd:Missing bits:  support - care_vars = {'s3', 's5', 's6', 's2', 's1', 's4', 's7'}
WARNING:dd.bdd:Missing bits:  support - care_vars = {'s3', 's5', 's6', 's2', 's1', 's4', 's7'}
WARNING:dd.bdd:Missing bits:  support - care_vars = {'s3', 's5', 's6', 's2', 's1', 's4'}
WARNING:dd.bdd:Missing bits:  support - care_vars = {'s5', 's6', 's2', 's1', 's4', 's7'}
WARNING:dd.bdd:Missing bits:  support - care_vars = {'s3', 's5', 's6', 's2', 's1', 's4', 's7'}
WARNING:dd.bdd:Missing bits:  support - care_vars = {'s2', 's1', 's5'}
WARNING:dd.bdd:Missing bits:  support - care_vars = {'s5', 's6', 's2', 's1', 's4', 's7'}
WARNING:dd.bdd:Missing bits:  support - care_vars = {'s3', 's5', 's6', 's2', 's1', 's4'}
WARNING:dd.bdd:Missing bits:  support - care_vars = {'s3', 's5', 's6', 's2', 's1', 's4', 's7'}
WARNING:dd.bdd:Missing bits:  support - care_vars = {'s3', 's5', 's6', 's2', 's1', 's4', 's7'}
WARNING:dd.bdd:Missing bits:  support - care_vars = {'s3', 's5', 's6', 's2', 's1', 's4'}
WARNING:dd.bdd:Missing bits:  support - care_vars = {'s5', 's6', 's2', 's1', 's4', 's7'}
WARNING:dd.bdd:Missing bits:  support - care_vars = {'s5', 's6', 's2', 's1', 's4', 's7'}
WARNING:dd.bdd:Missing bits:  support - care_vars = {'s3', 's5', 's6', 's2', 's1', 's4'}
WARNING:dd.bdd:Missing bits:  support - care_vars = {'s3', 's5', 's6', 's2', 's1', 's4', 's7'}
WARNING:dd.bdd:Missing bits:  support - care_vars = {'s3', 's5', 's6', 's2', 's1', 's4', 's7'}
WARNING:dd.bdd:Missing bits:  support - care_vars = {'s3', 's5', 's6', 's2', 's1', 's4'}
WARNING:dd.bdd:Missing bits:  support - care_vars = {'s5', 's6', 's2', 's1', 's4', 's7'}
WARNING:dd.bdd:Missing bits:  support - care_vars = {'s5', 's6', 's2', 's1', 's4', 's7'}
WARNING:dd.bdd:Missing bits:  support - care_vars = {'s3', 's5', 's6', 's2', 's1', 's4'}
WARNING:dd.bdd:Missing bits:  support - care_vars = {'s3', 's5', 's6', 's2', 's1', 's4', 's7'}
WARNING:dd.bdd:Missing bits:  support - care_vars = {'s3', 's5', 's6', 's2', 's1', 's4', 's7'}
WARNING:dd.bdd:Missing bits:  support - care_vars = {'s3', 's5', 's6', 's2', 's1', 's4', 's7'}
WARNING:dd.bdd:Missing bits:  support - care_vars = {'s3', 's5', 's6', 's2', 's1', 's4'}
WARNING:dd.bdd:Missing bits:  support - care_vars = {'s5', 's6', 's2', 's1', 's4', 's7'}
WARNING:dd.bdd:Missing bits:  support - care_vars = {'s5', 's6', 's2', 's1', 's4', 's7'}
WARNING:dd.bdd:Missing bits:  support - care_vars = {'s3', 's5', 's6', 's2', 's1', 's4'}
WARNING:dd.bdd:Missing bits:  support - care_vars = {'s3', 's5', 's6', 's2', 's1', 's4', 's7'}
WARNING:dd.bdd:Missing bits:  support - care_vars = {'s3', 's5', 's6', 's2', 's1', 's4', 's7'}
WARNING:dd.bdd:Missing bits:  support - care_vars = {'s3', 's5', 's6', 's2', 's1', 's4'}
WARNING:dd.bdd:Missing bits:  support - care_vars = {'s5', 's6', 's2', 's1', 's4', 's7'}
WARNING:dd.bdd:Missing bits:  support - care_vars = {'s3', 's5', 's6', 's2', 's1', 's4', 's7'}
WARNING:dd.bdd:Missing bits:  support - care_vars = {'s2', 's1', 's5'}
WARNING:dd.bdd:Missing bits:  support - care_vars = {'s5', 's6', 's2', 's1', 's4', 's7'}
WARNING:dd.bdd:Missing bits:  support - care_vars = {'s3', 's5', 's6', 's2', 's1', 's4'}
WARNING:dd.bdd:Missing bits:  support - care_vars = {'s3', 's5', 's6', 's2', 's1', 's4', 's7'}
WARNING:dd.bdd:Missing bits:  support - care_vars = {'s3', 's5', 's6', 's2', 's1', 's4', 's7'}
WARNING:dd.bdd:Missing bits:  support - care_vars = {'s3', 's5', 's6', 's2', 's1', 's4'}
WARNING:dd.bdd:Missing bits:  support - care_vars = {'s5', 's6', 's2', 's1', 's4', 's7'}
WARNING:dd.bdd:Missing bits:  support - care_vars = {'s5', 's6', 's2', 's1', 's4', 's7'}
WARNING:dd.bdd:Missing bits:  support - care_vars = {'s3', 's5', 's6', 's2', 's1', 's4'}
WARNING:dd.bdd:Missing bits:  support - care_vars = {'s3', 's5', 's6', 's2', 's1', 's4', 's7'}
WARNING:dd.bdd:Missing bits:  support - care_vars = {'s3', 's5', 's6', 's2', 's1', 's4', 's7'}
WARNING:dd.bdd:Missing bits:  support - care_vars = {'s3', 's5', 's6', 's2', 's1', 's4'}
WARNING:dd.bdd:Missing bits:  support - care_vars = {'s5', 's6', 's2', 's1', 's4', 's7'}
WARNING:dd.bdd:Missing bits:  support - care_vars = {'s5', 's6', 's2', 's1', 's4', 's7'}
WARNING:dd.bdd:Missing bits:  support - care_vars = {'s3', 's5', 's6', 's2', 's1', 's4'}
WARNING:dd.bdd:Missing bits:  support - care_vars = {'s3', 's5', 's6', 's2', 's1', 's4', 's7'}
WARNING:dd.bdd:Missing bits:  support - care_vars = {'s3', 's5', 's6', 's2', 's1', 's4', 's7'}
WARNING:dd.bdd:Missing bits:  support - care_vars = {'s5', 's7', 's2', 's4', 's3', 's1', 's6'}
WARNING:dd.bdd:Missing bits:  support - care_vars = {'s5', 's2', 's4', 's3', 's1', 's6'}
WARNING:dd.bdd:Missing bits:  support - care_vars = {'s5', 's7', 's2', 's4', 's1', 's6'}
WARNING:dd.bdd:Missing bits:  support - care_vars = {'s5', 's7', 's2', 's4', 's1', 's6'}
WARNING:dd.bdd:Missing bits:  support - care_vars = {'s5', 's2', 's4', 's3', 's1', 's6'}
WARNING:dd.bdd:Missing bits:  support - care_vars = {'s5', 's7', 's2', 's4', 's3', 's1', 's6'}
WARNING:dd.bdd:Missing bits:  support - care_vars = {'s5', 's7', 's2', 's4', 's3', 's1', 's6'}
WARNING:dd.bdd:Missing bits:  support - care_vars = {'s5', 's2', 's4', 's3', 's1', 's6'}
WARNING:dd.bdd:Missing bits:  support - care_vars = {'s5', 's7', 's2', 's4', 's1', 's6'}
WARNING:dd.bdd:Missing bits:  support - care_vars = {'s5', 's7', 's2', 's4', 's3', 's1', 's6'}
WARNING:dd.bdd:Missing bits:  support - care_vars = {'s5', 's1', 's2'}
WARNING:dd.bdd:Missing bits:  support - care_vars = {'s5', 's7', 's2', 's4', 's1', 's6'}
WARNING:dd.bdd:Missing bits:  support - care_vars = {'s5', 's2', 's4', 's3', 's1', 's6'}
WARNING:dd.bdd:Missing bits:  support - care_vars = {'s5', 's7', 's2', 's4', 's3', 's1', 's6'}
WARNING:dd.bdd:Missing bits:  support - care_vars = {'s5', 's7', 's2', 's4', 's3', 's1', 's6'}
WARNING:dd.bdd:Missing bits:  support - care_vars = {'s5', 's2', 's4', 's3', 's1', 's6'}
WARNING:dd.bdd:Missing bits:  support - care_vars = {'s5', 's7', 's2', 's4', 's1', 's6'}
WARNING:dd.bdd:Missing bits:  support - care_vars = {'s5', 's7', 's2', 's4', 's1', 's6'}
WARNING:dd.bdd:Missing bits:  support - care_vars = {'s5', 's2', 's4', 's3', 's1', 's6'}
WARNING:dd.bdd:Missing bits:  support - care_vars = {'s5', 's7', 's2', 's4', 's3', 's1', 's6'}
WARNING:dd.bdd:Missing bits:  support - care_vars = {'s5', 's7', 's2', 's4', 's3', 's1', 's6'}
WARNING:dd.bdd:Missing bits:  support - care_vars = {'s5', 's2', 's4', 's3', 's1', 's6'}
WARNING:dd.bdd:Missing bits:  support - care_vars = {'s5', 's7', 's2', 's4', 's1', 's6'}
WARNING:dd.bdd:Missing bits:  support - care_vars = {'s5', 's7', 's2', 's4', 's1', 's6'}
WARNING:dd.bdd:Missing bits:  support - care_vars = {'s5', 's2', 's4', 's3', 's1', 's6'}
WARNING:dd.bdd:Missing bits:  support - care_vars = {'s5', 's7', 's2', 's4', 's3', 's1', 's6'}
WARNING:dd.bdd:Missing bits:  support - care_vars = {'s5', 's7', 's2', 's4', 's3', 's1', 's6'}
WARNING:dd.bdd:Missing bits:  support - care_vars = {'s1', 's3', 's7', 's5', 's6', 's4', 's2'}
WARNING:dd.bdd:Missing bits:  support - care_vars = {'s1', 's3', 's5', 's6', 's4', 's2'}
WARNING:dd.bdd:Missing bits:  support - care_vars = {'s1', 's7', 's5', 's6', 's4', 's2'}
WARNING:dd.bdd:Missing bits:  support - care_vars = {'s1', 's7', 's5', 's6', 's4', 's2'}
WARNING:dd.bdd:Missing bits:  support - care_vars = {'s1', 's3', 's5', 's6', 's4', 's2'}
WARNING:dd.bdd:Missing bits:  support - care_vars = {'s1', 's3', 's7', 's5', 's6', 's4', 's2'}
WARNING:dd.bdd:Missing bits:  support - care_vars = {'s1', 's3', 's7', 's5', 's6', 's4', 's2'}
WARNING:dd.bdd:Missing bits:  support - care_vars = {'s1', 's3', 's5', 's6', 's4', 's2'}
WARNING:dd.bdd:Missing bits:  support - care_vars = {'s1', 's7', 's5', 's6', 's4', 's2'}
WARNING:dd.bdd:Missing bits:  support - care_vars = {'s1', 's3', 's7', 's5', 's6', 's4', 's2'}
WARNING:dd.bdd:Missing bits:  support - care_vars = {'s1', 's5', 's2'}
WARNING:dd.bdd:Missing bits:  support - care_vars = {'s1', 's7', 's5', 's6', 's4', 's2'}
WARNING:dd.bdd:Missing bits:  support - care_vars = {'s1', 's3', 's5', 's6', 's4', 's2'}
WARNING:dd.bdd:Missing bits:  support - care_vars = {'s1', 's3', 's7', 's5', 's6', 's4', 's2'}
WARNING:dd.bdd:Missing bits:  support - care_vars = {'s1', 's3', 's7', 's5', 's6', 's4', 's2'}
WARNING:dd.bdd:Missing bits:  support - care_vars = {'s1', 's3', 's5', 's6', 's4', 's2'}
WARNING:dd.bdd:Missing bits:  support - care_vars = {'s1', 's3', 's7', 's5', 's6', 's4', 's2'}
WARNING:dd.bdd:Missing bits:  support - care_vars = {'s1', 's3', 's7', 's5', 's6', 's4', 's2'}
WARNING:dd.bdd:Missing bits:  support - care_vars = {'s1', 's3', 's5', 's6', 's4', 's2'}
WARNING:dd.bdd:Missing bits:  support - care_vars = {'s1', 's3', 's5', 's6', 's4', 's2'}
WARNING:dd.bdd:Missing bits:  support - care_vars = {'s1', 's3', 's7', 's5', 's6', 's4', 's2'}
WARNING:dd.bdd:Missing bits:  support - care_vars = {'s1', 's3', 's7', 's5', 's6', 's4', 's2'}
WARNING:dd.bdd:Missing bits:  support - care_vars = {'s1', 's5', 's2', 's3'}
WARNING:dd.bdd:Missing bits:  support - care_vars = {'s1', 's3', 's7', 's5', 's6', 's4', 's2'}
WARNING:dd.bdd:Missing bits:  support - care_vars = {'s1', 's3', 's5', 's6', 's4', 's2'}
WARNING:dd.bdd:Missing bits:  support - care_vars = {'s1', 's3', 's7', 's5', 's6', 's4', 's2'}
WARNING:dd.bdd:Missing bits:  support - care_vars = {'s1', 's3', 's7', 's5', 's6', 's4', 's2'}
WARNING:dd.bdd:Missing bits:  support - care_vars = {'s5', 's7', 's2', 's4', 's3', 's1', 's6'}
WARNING:dd.bdd:Missing bits:  support - care_vars = {'s5', 's2', 's4', 's3', 's1', 's6'}
WARNING:dd.bdd:Missing bits:  support - care_vars = {'s5', 's7', 's2', 's4', 's1', 's6'}
WARNING:dd.bdd:Missing bits:  support - care_vars = {'s5', 's7', 's2', 's4', 's1', 's6'}
WARNING:dd.bdd:Missing bits:  support - care_vars = {'s5', 's2', 's4', 's3', 's1', 's6'}
WARNING:dd.bdd:Missing bits:  support - care_vars = {'s5', 's7', 's2', 's4', 's3', 's1', 's6'}
WARNING:dd.bdd:Missing bits:  support - care_vars = {'s5', 's7', 's2', 's4', 's3', 's1', 's6'}
WARNING:dd.bdd:Missing bits:  support - care_vars = {'s5', 's2', 's4', 's3', 's1', 's6'}
WARNING:dd.bdd:Missing bits:  support - care_vars = {'s5', 's7', 's2', 's4', 's1', 's6'}
WARNING:dd.bdd:Missing bits:  support - care_vars = {'s5', 's7', 's2', 's4', 's3', 's1', 's6'}
WARNING:dd.bdd:Missing bits:  support - care_vars = {'s5', 's1', 's2'}
WARNING:dd.bdd:Missing bits:  support - care_vars = {'s5', 's7', 's2', 's4', 's1', 's6'}
WARNING:dd.bdd:Missing bits:  support - care_vars = {'s5', 's2', 's4', 's3', 's1', 's6'}
WARNING:dd.bdd:Missing bits:  support - care_vars = {'s5', 's7', 's2', 's4', 's3', 's1', 's6'}
WARNING:dd.bdd:Missing bits:  support - care_vars = {'s5', 's7', 's2', 's4', 's3', 's1', 's6'}
WARNING:dd.bdd:Missing bits:  support - care_vars = {'s5', 's2', 's4', 's3', 's1', 's6'}
WARNING:dd.bdd:Missing bits:  support - care_vars = {'s5', 's7', 's2', 's4', 's1', 's6'}
WARNING:dd.bdd:Missing bits:  support - care_vars = {'s5', 's7', 's2', 's4', 's1', 's6'}
WARNING:dd.bdd:Missing bits:  support - care_vars = {'s5', 's2', 's4', 's3', 's1', 's6'}
WARNING:dd.bdd:Missing bits:  support - care_vars = {'s5', 's7', 's2', 's4', 's3', 's1', 's6'}
WARNING:dd.bdd:Missing bits:  support - care_vars = {'s5', 's7', 's2', 's4', 's3', 's1', 's6'}
WARNING:dd.bdd:Missing bits:  support - care_vars = {'s5', 's2', 's4', 's3', 's1', 's6'}
WARNING:dd.bdd:Missing bits:  support - care_vars = {'s5', 's7', 's2', 's4', 's1', 's6'}
WARNING:dd.bdd:Missing bits:  support - care_vars = {'s5', 's7', 's2', 's4', 's1', 's6'}
WARNING:dd.bdd:Missing bits:  support - care_vars = {'s5', 's2', 's4', 's3', 's1', 's6'}
WARNING:dd.bdd:Missing bits:  support - care_vars = {'s5', 's7', 's2', 's4', 's3', 's1', 's6'}
WARNING:dd.bdd:Missing bits:  support - care_vars = {'s5', 's7', 's2', 's4', 's3', 's1', 's6'}
WARNING:dd.bdd:Missing bits:  support - care_vars = {'s5', 's7', 's2', 's4', 's3', 's1', 's6'}
WARNING:dd.bdd:Missing bits:  support - care_vars = {'s5', 's2', 's4', 's3', 's1', 's6'}
WARNING:dd.bdd:Missing bits:  support - care_vars = {'s5', 's7', 's2', 's4', 's1', 's6'}
WARNING:dd.bdd:Missing bits:  support - care_vars = {'s5', 's7', 's2', 's4', 's1', 's6'}
WARNING:dd.bdd:Missing bits:  support - care_vars = {'s5', 's2', 's4', 's3', 's1', 's6'}
WARNING:dd.bdd:Missing bits:  support - care_vars = {'s5', 's7', 's2', 's4', 's3', 's1', 's6'}
WARNING:dd.bdd:Missing bits:  support - care_vars = {'s5', 's7', 's2', 's4', 's3', 's1', 's6'}
WARNING:dd.bdd:Missing bits:  support - care_vars = {'s5', 's2', 's4', 's3', 's1', 's6'}
WARNING:dd.bdd:Missing bits:  support - care_vars = {'s5', 's7', 's2', 's4', 's1', 's6'}
WARNING:dd.bdd:Missing bits:  support - care_vars = {'s5', 's7', 's2', 's4', 's3', 's1', 's6'}
WARNING:dd.bdd:Missing bits:  support - care_vars = {'s5', 's1', 's2'}
WARNING:dd.bdd:Missing bits:  support - care_vars = {'s5', 's7', 's2', 's4', 's1', 's6'}
WARNING:dd.bdd:Missing bits:  support - care_vars = {'s5', 's2', 's4', 's3', 's1', 's6'}
WARNING:dd.bdd:Missing bits:  support - care_vars = {'s5', 's7', 's2', 's4', 's3', 's1', 's6'}
WARNING:dd.bdd:Missing bits:  support - care_vars = {'s5', 's7', 's2', 's4', 's3', 's1', 's6'}
WARNING:dd.bdd:Missing bits:  support - care_vars = {'s5', 's2', 's4', 's3', 's1', 's6'}
WARNING:dd.bdd:Missing bits:  support - care_vars = {'s5', 's7', 's2', 's4', 's1', 's6'}
WARNING:dd.bdd:Missing bits:  support - care_vars = {'s5', 's7', 's2', 's4', 's1', 's6'}
WARNING:dd.bdd:Missing bits:  support - care_vars = {'s5', 's2', 's4', 's3', 's1', 's6'}
WARNING:dd.bdd:Missing bits:  support - care_vars = {'s5', 's7', 's2', 's4', 's3', 's1', 's6'}
WARNING:dd.bdd:Missing bits:  support - care_vars = {'s5', 's7', 's2', 's4', 's3', 's1', 's6'}
WARNING:dd.bdd:Missing bits:  support - care_vars = {'s5', 's2', 's4', 's3', 's1', 's6'}
WARNING:dd.bdd:Missing bits:  support - care_vars = {'s5', 's7', 's2', 's4', 's1', 's6'}
WARNING:dd.bdd:Missing bits:  support - care_vars = {'s5', 's7', 's2', 's4', 's1', 's6'}
WARNING:dd.bdd:Missing bits:  support - care_vars = {'s5', 's2', 's4', 's3', 's1', 's6'}
WARNING:dd.bdd:Missing bits:  support - care_vars = {'s5', 's7', 's2', 's4', 's3', 's1', 's6'}
WARNING:dd.bdd:Missing bits:  support - care_vars = {'s5', 's7', 's2', 's4', 's3', 's1', 's6'}
WARNING:dd.bdd:Missing bits:  support - care_vars = {'s7', 's1', 's4', 's6', 's3', 's5', 's2'}
WARNING:dd.bdd:Missing bits:  support - care_vars = {'s1', 's4', 's6', 's3', 's5', 's2'}
WARNING:dd.bdd:Missing bits:  support - care_vars = {'s7', 's1', 's4', 's6', 's5', 's2'}
WARNING:dd.bdd:Missing bits:  support - care_vars = {'s7', 's1', 's4', 's6', 's5', 's2'}
WARNING:dd.bdd:Missing bits:  support - care_vars = {'s1', 's4', 's6', 's3', 's5', 's2'}
WARNING:dd.bdd:Missing bits:  support - care_vars = {'s7', 's1', 's4', 's6', 's3', 's5', 's2'}
WARNING:dd.bdd:Missing bits:  support - care_vars = {'s7', 's1', 's4', 's6', 's3', 's5', 's2'}
WARNING:dd.bdd:Missing bits:  support - care_vars = {'s1', 's4', 's6', 's3', 's5', 's2'}
WARNING:dd.bdd:Missing bits:  support - care_vars = {'s7', 's1', 's4', 's6', 's5', 's2'}
WARNING:dd.bdd:Missing bits:  support - care_vars = {'s7', 's1', 's4', 's6', 's3', 's5', 's2'}
WARNING:dd.bdd:Missing bits:  support - care_vars = {'s1', 's2', 's5'}
WARNING:dd.bdd:Missing bits:  support - care_vars = {'s7', 's1', 's4', 's6', 's5', 's2'}
WARNING:dd.bdd:Missing bits:  support - care_vars = {'s1', 's4', 's6', 's3', 's5', 's2'}
WARNING:dd.bdd:Missing bits:  support - care_vars = {'s7', 's1', 's4', 's6', 's3', 's5', 's2'}
WARNING:dd.bdd:Missing bits:  support - care_vars = {'s7', 's1', 's4', 's6', 's3', 's5', 's2'}
WARNING:dd.bdd:Missing bits:  support - care_vars = {'s1', 's4', 's6', 's3', 's5', 's2'}
WARNING:dd.bdd:Missing bits:  support - care_vars = {'s7', 's1', 's4', 's6', 's5', 's2'}
WARNING:dd.bdd:Missing bits:  support - care_vars = {'s7', 's1', 's4', 's6', 's5', 's2'}
WARNING:dd.bdd:Missing bits:  support - care_vars = {'s1', 's4', 's6', 's3', 's5', 's2'}
WARNING:dd.bdd:Missing bits:  support - care_vars = {'s7', 's1', 's4', 's6', 's3', 's5', 's2'}
WARNING:dd.bdd:Missing bits:  support - care_vars = {'s7', 's1', 's4', 's6', 's3', 's5', 's2'}
WARNING:dd.bdd:Missing bits:  support - care_vars = {'s1', 's4', 's6', 's3', 's5', 's2'}
WARNING:dd.bdd:Missing bits:  support - care_vars = {'s7', 's1', 's4', 's6', 's5', 's2'}
WARNING:dd.bdd:Missing bits:  support - care_vars = {'s7', 's1', 's4', 's6', 's5', 's2'}
WARNING:dd.bdd:Missing bits:  support - care_vars = {'s1', 's4', 's6', 's3', 's5', 's2'}
WARNING:dd.bdd:Missing bits:  support - care_vars = {'s7', 's1', 's4', 's6', 's3', 's5', 's2'}
WARNING:dd.bdd:Missing bits:  support - care_vars = {'s7', 's1', 's4', 's6', 's3', 's5', 's2'}
WARNING:dd.bdd:Missing bits:  support - care_vars = {'s7', 's1', 's4', 's6', 's3', 's5', 's2'}
WARNING:dd.bdd:Missing bits:  support - care_vars = {'s1', 's4', 's6', 's3', 's5', 's2'}
WARNING:dd.bdd:Missing bits:  support - care_vars = {'s7', 's1', 's4', 's6', 's5', 's2'}
WARNING:dd.bdd:Missing bits:  support - care_vars = {'s7', 's1', 's4', 's6', 's5', 's2'}
WARNING:dd.bdd:Missing bits:  support - care_vars = {'s1', 's4', 's6', 's3', 's5', 's2'}
WARNING:dd.bdd:Missing bits:  support - care_vars = {'s7', 's1', 's4', 's6', 's3', 's5', 's2'}
WARNING:dd.bdd:Missing bits:  support - care_vars = {'s7', 's1', 's4', 's6', 's3', 's5', 's2'}
WARNING:dd.bdd:Missing bits:  support - care_vars = {'s1', 's4', 's6', 's3', 's5', 's2'}
WARNING:dd.bdd:Missing bits:  support - care_vars = {'s7', 's1', 's4', 's6', 's5', 's2'}
WARNING:dd.bdd:Missing bits:  support - care_vars = {'s7', 's1', 's4', 's6', 's3', 's5', 's2'}
WARNING:dd.bdd:Missing bits:  support - care_vars = {'s1', 's2', 's5'}
WARNING:dd.bdd:Missing bits:  support - care_vars = {'s7', 's1', 's4', 's6', 's5', 's2'}
WARNING:dd.bdd:Missing bits:  support - care_vars = {'s1', 's4', 's6', 's3', 's5', 's2'}
WARNING:dd.bdd:Missing bits:  support - care_vars = {'s7', 's1', 's4', 's6', 's3', 's5', 's2'}
WARNING:dd.bdd:Missing bits:  support - care_vars = {'s7', 's1', 's4', 's6', 's3', 's5', 's2'}
WARNING:dd.bdd:Missing bits:  support - care_vars = {'s1', 's4', 's6', 's3', 's5', 's2'}
WARNING:dd.bdd:Missing bits:  support - care_vars = {'s7', 's1', 's4', 's6', 's5', 's2'}
WARNING:dd.bdd:Missing bits:  support - care_vars = {'s7', 's1', 's4', 's6', 's5', 's2'}
WARNING:dd.bdd:Missing bits:  support - care_vars = {'s1', 's4', 's6', 's3', 's5', 's2'}
WARNING:dd.bdd:Missing bits:  support - care_vars = {'s7', 's1', 's4', 's6', 's3', 's5', 's2'}
WARNING:dd.bdd:Missing bits:  support - care_vars = {'s7', 's1', 's4', 's6', 's3', 's5', 's2'}
WARNING:dd.bdd:Missing bits:  support - care_vars = {'s1', 's4', 's6', 's3', 's5', 's2'}
WARNING:dd.bdd:Missing bits:  support - care_vars = {'s7', 's1', 's4', 's6', 's5', 's2'}
WARNING:dd.bdd:Missing bits:  support - care_vars = {'s7', 's1', 's4', 's6', 's5', 's2'}
WARNING:dd.bdd:Missing bits:  support - care_vars = {'s1', 's4', 's6', 's3', 's5', 's2'}
WARNING:dd.bdd:Missing bits:  support - care_vars = {'s7', 's1', 's4', 's6', 's3', 's5', 's2'}
WARNING:dd.bdd:Missing bits:  support - care_vars = {'s7', 's1', 's4', 's6', 's3', 's5', 's2'}
WARNING:dd.bdd:Missing bits:  support - care_vars = {'s7', 's1', 's5', 's3', 's4', 's6', 's2'}
WARNING:dd.bdd:Missing bits:  support - care_vars = {'s1', 's5', 's3', 's4', 's6', 's2'}
WARNING:dd.bdd:Missing bits:  support - care_vars = {'s7', 's1', 's5', 's4', 's6', 's2'}
WARNING:dd.bdd:Missing bits:  support - care_vars = {'s7', 's1', 's5', 's4', 's6', 's2'}
WARNING:dd.bdd:Missing bits:  support - care_vars = {'s1', 's5', 's3', 's4', 's6', 's2'}
WARNING:dd.bdd:Missing bits:  support - care_vars = {'s7', 's1', 's5', 's3', 's4', 's6', 's2'}
WARNING:dd.bdd:Missing bits:  support - care_vars = {'s7', 's1', 's5', 's3', 's4', 's6', 's2'}
WARNING:dd.bdd:Missing bits:  support - care_vars = {'s1', 's5', 's3', 's4', 's6', 's2'}
WARNING:dd.bdd:Missing bits:  support - care_vars = {'s7', 's1', 's5', 's4', 's6', 's2'}
WARNING:dd.bdd:Missing bits:  support - care_vars = {'s7', 's1', 's5', 's3', 's4', 's6', 's2'}
WARNING:dd.bdd:Missing bits:  support - care_vars = {'s1', 's5', 's2'}
WARNING:dd.bdd:Missing bits:  support - care_vars = {'s7', 's1', 's5', 's4', 's6', 's2'}
WARNING:dd.bdd:Missing bits:  support - care_vars = {'s1', 's5', 's3', 's4', 's6', 's2'}
WARNING:dd.bdd:Missing bits:  support - care_vars = {'s7', 's1', 's5', 's3', 's4', 's6', 's2'}
WARNING:dd.bdd:Missing bits:  support - care_vars = {'s7', 's1', 's5', 's3', 's4', 's6', 's2'}
WARNING:dd.bdd:Missing bits:  support - care_vars = {'s1', 's5', 's3', 's4', 's6', 's2'}
WARNING:dd.bdd:Missing bits:  support - care_vars = {'s7', 's1', 's5', 's3', 's4', 's6', 's2'}
WARNING:dd.bdd:Missing bits:  support - care_vars = {'s7', 's1', 's5', 's3', 's4', 's6', 's2'}
WARNING:dd.bdd:Missing bits:  support - care_vars = {'s1', 's5', 's3', 's4', 's6', 's2'}
WARNING:dd.bdd:Missing bits:  support - care_vars = {'s1', 's5', 's3', 's4', 's6', 's2'}
WARNING:dd.bdd:Missing bits:  support - care_vars = {'s7', 's1', 's5', 's3', 's4', 's6', 's2'}
WARNING:dd.bdd:Missing bits:  support - care_vars = {'s7', 's1', 's5', 's3', 's4', 's6', 's2'}
WARNING:dd.bdd:Missing bits:  support - care_vars = {'s1', 's3', 's5', 's2'}
WARNING:dd.bdd:Missing bits:  support - care_vars = {'s7', 's1', 's5', 's3', 's4', 's6', 's2'}
WARNING:dd.bdd:Missing bits:  support - care_vars = {'s1', 's5', 's3', 's4', 's6', 's2'}
WARNING:dd.bdd:Missing bits:  support - care_vars = {'s7', 's1', 's5', 's3', 's4', 's6', 's2'}
WARNING:dd.bdd:Missing bits:  support - care_vars = {'s7', 's1', 's5', 's3', 's4', 's6', 's2'}
WARNING:dd.bdd:Missing bits:  support - care_vars = {'s7', 's1', 's5', 's3', 's4', 's6', 's2'}
WARNING:dd.bdd:Missing bits:  support - care_vars = {'s1', 's5', 's3', 's4', 's6', 's2'}
WARNING:dd.bdd:Missing bits:  support - care_vars = {'s7', 's1', 's5', 's4', 's6', 's2'}
WARNING:dd.bdd:Missing bits:  support - care_vars = {'s7', 's1', 's5', 's4', 's6', 's2'}
WARNING:dd.bdd:Missing bits:  support - care_vars = {'s1', 's5', 's3', 's4', 's6', 's2'}
WARNING:dd.bdd:Missing bits:  support - care_vars = {'s7', 's1', 's5', 's3', 's4', 's6', 's2'}
WARNING:dd.bdd:Missing bits:  support - care_vars = {'s7', 's1', 's5', 's3', 's4', 's6', 's2'}
WARNING:dd.bdd:Missing bits:  support - care_vars = {'s1', 's5', 's3', 's4', 's6', 's2'}
WARNING:dd.bdd:Missing bits:  support - care_vars = {'s7', 's1', 's5', 's4', 's6', 's2'}
WARNING:dd.bdd:Missing bits:  support - care_vars = {'s7', 's1', 's5', 's3', 's4', 's6', 's2'}
WARNING:dd.bdd:Missing bits:  support - care_vars = {'s1', 's5', 's2'}
WARNING:dd.bdd:Missing bits:  support - care_vars = {'s7', 's1', 's5', 's4', 's6', 's2'}
WARNING:dd.bdd:Missing bits:  support - care_vars = {'s1', 's5', 's3', 's4', 's6', 's2'}
WARNING:dd.bdd:Missing bits:  support - care_vars = {'s7', 's1', 's5', 's3', 's4', 's6', 's2'}
WARNING:dd.bdd:Missing bits:  support - care_vars = {'s7', 's1', 's5', 's3', 's4', 's6', 's2'}
WARNING:dd.bdd:Missing bits:  support - care_vars = {'s1', 's5', 's3', 's4', 's6', 's2'}
WARNING:dd.bdd:Missing bits:  support - care_vars = {'s1', 's5', 's3', 's4', 's6', 's2'}
WARNING:dd.bdd:Missing bits:  support - care_vars = {'s1', 's5', 's3', 's4', 's6', 's2'}
WARNING:dd.bdd:Missing bits:  support - care_vars = {'s1', 's5', 's3', 's4', 's6', 's2'}
WARNING:dd.bdd:Missing bits:  support - care_vars = {'s1', 's5', 's3', 's4', 's6', 's2'}
WARNING:dd.bdd:Missing bits:  support - care_vars = {'s7', 's1', 's5', 's3', 's4', 's6', 's2'}
WARNING:dd.bdd:Missing bits:  support - care_vars = {'s7', 's1', 's5', 's3', 's4', 's6', 's2'}
WARNING:dd.bdd:Missing bits:  support - care_vars = {'s1', 's5', 's3', 's4', 's2'}
WARNING:dd.bdd:Missing bits:  support - care_vars = {'s1', 's5', 's3', 's4', 's2'}
WARNING:dd.bdd:Missing bits:  support - care_vars = {'s4', 's1', 's5', 's2'}
WARNING:dd.bdd:Missing bits:  support - care_vars = {'s4', 's1', 's5', 's2'}
WARNING:dd.bdd:Missing bits:  support - care_vars = {'s1', 's5', 's3', 's4', 's2'}
WARNING:dd.bdd:Missing bits:  support - care_vars = {'s1', 's5', 's3', 's4', 's2'}
WARNING:dd.bdd:Missing bits:  support - care_vars = {'s1', 's5', 's3', 's4', 's2'}
WARNING:dd.bdd:Missing bits:  support - care_vars = {'s1', 's5', 's3', 's4', 's2'}
WARNING:dd.bdd:Missing bits:  support - care_vars = {'s4', 's1', 's5', 's2'}
WARNING:dd.bdd:Missing bits:  support - care_vars = {'s1', 's5', 's3', 's4', 's2'}
WARNING:dd.bdd:Missing bits:  support - care_vars = {'s1', 's5', 's2'}
WARNING:dd.bdd:Missing bits:  support - care_vars = {'s1', 's5', 's3', 's4', 's2'}
WARNING:dd.bdd:Missing bits:  support - care_vars = {'s1', 's5', 's3', 's4', 's2'}
WARNING:dd.bdd:Missing bits:  support - care_vars = {'s1', 's5', 's3', 's4', 's2'}
WARNING:dd.bdd:Missing bits:  support - care_vars = {'s1', 's5', 's3', 's4', 's2'}
WARNING:dd.bdd:Missing bits:  support - care_vars = {'s5', 's4', 's3', 's1', 's2'}
WARNING:dd.bdd:Missing bits:  support - care_vars = {'s5', 's4', 's3', 's1', 's2'}
WARNING:dd.bdd:Missing bits:  support - care_vars = {'s1', 's2', 's5', 's4'}
WARNING:dd.bdd:Missing bits:  support - care_vars = {'s1', 's2', 's5', 's4'}
WARNING:dd.bdd:Missing bits:  support - care_vars = {'s5', 's4', 's3', 's1', 's2'}
WARNING:dd.bdd:Missing bits:  support - care_vars = {'s5', 's4', 's3', 's1', 's2'}
WARNING:dd.bdd:Missing bits:  support - care_vars = {'s5', 's4', 's3', 's1', 's2'}
WARNING:dd.bdd:Missing bits:  support - care_vars = {'s5', 's4', 's3', 's1', 's2'}
WARNING:dd.bdd:Missing bits:  support - care_vars = {'s1', 's2', 's5', 's4'}
WARNING:dd.bdd:Missing bits:  support - care_vars = {'s5', 's4', 's3', 's1', 's2'}
WARNING:dd.bdd:Missing bits:  support - care_vars = {'s1', 's2', 's5'}
WARNING:dd.bdd:Missing bits:  support - care_vars = {'s5', 's4', 's3', 's1', 's2'}
WARNING:dd.bdd:Missing bits:  support - care_vars = {'s5', 's4', 's3', 's1', 's2'}
WARNING:dd.bdd:Missing bits:  support - care_vars = {'s5', 's4', 's3', 's1', 's2'}
WARNING:dd.bdd:Missing bits:  support - care_vars = {'s5', 's4', 's3', 's1', 's2'}
WARNING:dd.bdd:Missing bits:  support - care_vars = {'s5', 's4', 's3', 's1', 's2'}
WARNING:dd.bdd:Missing bits:  support - care_vars = {'s5', 's4', 's3', 's1', 's2'}
WARNING:dd.bdd:Missing bits:  support - care_vars = {'s1', 's2', 's5', 's4'}
WARNING:dd.bdd:Missing bits:  support - care_vars = {'s1', 's2', 's5', 's4'}
WARNING:dd.bdd:Missing bits:  support - care_vars = {'s5', 's4', 's3', 's1', 's2'}
WARNING:dd.bdd:Missing bits:  support - care_vars = {'s5', 's4', 's3', 's1', 's2'}
WARNING:dd.bdd:Missing bits:  support - care_vars = {'s5', 's4', 's3', 's1', 's2'}
WARNING:dd.bdd:Missing bits:  support - care_vars = {'s5', 's4', 's3', 's1', 's2'}
WARNING:dd.bdd:Missing bits:  support - care_vars = {'s1', 's2', 's5', 's4'}
WARNING:dd.bdd:Missing bits:  support - care_vars = {'s5', 's4', 's3', 's1', 's2'}
WARNING:dd.bdd:Missing bits:  support - care_vars = {'s1', 's2', 's5'}
WARNING:dd.bdd:Missing bits:  support - care_vars = {'s5', 's4', 's3', 's1', 's2'}
WARNING:dd.bdd:Missing bits:  support - care_vars = {'s1', 's2', 's5', 's4'}
WARNING:dd.bdd:Missing bits:  support - care_vars = {'s1', 's2', 's5', 's4'}
WARNING:dd.bdd:Missing bits:  support - care_vars = {'s5', 's4', 's3', 's1', 's2'}
WARNING:dd.bdd:Missing bits:  support - care_vars = {'s5', 's4', 's3', 's1', 's2'}
WARNING:dd.bdd:Missing bits:  support - care_vars = {'s5', 's4', 's3', 's1', 's2'}
WARNING:dd.bdd:Missing bits:  support - care_vars = {'s5', 's4', 's3', 's1', 's2'}
WARNING:dd.bdd:Missing bits:  support - care_vars = {'s1', 's5', 's4'}
WARNING:dd.bdd:Missing bits:  support - care_vars = {'s5', 's4', 's3', 's1', 's2'}
WARNING:dd.bdd:Missing bits:  support - care_vars = {'s5', 's4', 's3', 's1', 's2'}
WARNING:dd.bdd:Missing bits:  support - care_vars = {'s1', 's2', 's5', 's4'}
WARNING:dd.bdd:Missing bits:  support - care_vars = {'s1', 's2', 's5', 's4'}
WARNING:dd.bdd:Missing bits:  support - care_vars = {'s5', 's4', 's3', 's1', 's2'}
WARNING:dd.bdd:Missing bits:  support - care_vars = {'s5', 's4', 's3', 's1', 's2'}
WARNING:dd.bdd:Missing bits:  support - care_vars = {'s5', 's4', 's3', 's1', 's2'}
WARNING:dd.bdd:Missing bits:  support - care_vars = {'s5', 's4', 's3', 's1', 's2'}
WARNING:dd.bdd:Missing bits:  support - care_vars = {'s1', 's2', 's5', 's4'}
WARNING:dd.bdd:Missing bits:  support - care_vars = {'s5', 's4', 's3', 's1', 's2'}
WARNING:dd.bdd:Missing bits:  support - care_vars = {'s1', 's2', 's5'}
WARNING:dd.bdd:Missing bits:  support - care_vars = {'s1', 's2', 's5', 's4'}
WARNING:dd.bdd:Missing bits:  support - care_vars = {'s1', 's2'}
WARNING:dd.bdd:Missing bits:  support - care_vars = {'s5', 's4', 's3', 's1', 's2'}
WARNING:dd.bdd:Missing bits:  support - care_vars = {'s5', 's4', 's3', 's1', 's2'}
WARNING:dd.bdd:Missing bits:  support - care_vars = {'s1', 's2', 's4'}
WARNING:dd.bdd:Missing bits:  support - care_vars = {'s1', 's2', 's5', 's4'}
WARNING:dd.bdd:Missing bits:  support - care_vars = {'s1', 's2', 's5', 's4'}
WARNING:dd.bdd:Missing bits:  support - care_vars = {'s1', 's2', 's5'}
WARNING:dd.bdd:Missing bits:  support - care_vars = {'s1', 's2', 's5', 's4'}
WARNING:dd.bdd:Missing bits:  support - care_vars = {'s1', 's2', 's5', 's4'}
WARNING:dd.bdd:Missing bits:  support - care_vars = {'s1', 's2', 's5', 's4'}
WARNING:dd.bdd:Missing bits:  support - care_vars = {'s1', 's2', 's5', 's4'}
WARNING:dd.bdd:Missing bits:  support - care_vars = {'s1', 's2', 's5', 's4'}
WARNING:dd.bdd:Missing bits:  support - care_vars = {'s5', 's4', 's3', 's1', 's2'}
WARNING:dd.bdd:Missing bits:  support - care_vars = {'s5', 's4', 's3', 's1', 's2'}
WARNING:dd.bdd:Missing bits:  support - care_vars = {'s1', 's2', 's5', 's4'}
WARNING:dd.bdd:Missing bits:  support - care_vars = {'s1', 's2', 's5', 's4'}
WARNING:dd.bdd:Missing bits:  support - care_vars = {'s1', 's2', 's5', 's4'}
WARNING:dd.bdd:Missing bits:  support - care_vars = {'s1', 's2', 's5'}
WARNING:dd.bdd:Missing bits:  support - care_vars = {'s1', 's2', 's5', 's4'}
WARNING:dd.bdd:Missing bits:  support - care_vars = {'s1', 's2', 's5', 's4'}
WARNING:dd.bdd:Missing bits:  support - care_vars = {'s1', 's2', 's5', 's4'}
WARNING:dd.bdd:Missing bits:  support - care_vars = {'s1', 's2', 's5', 's4'}
WARNING:dd.bdd:Missing bits:  support - care_vars = {'s5', 's4', 's3', 's1', 's2'}
WARNING:dd.bdd:Missing bits:  support - care_vars = {'s5', 's4', 's3', 's1', 's2'}
WARNING:dd.bdd:Missing bits:  support - care_vars = {'s2', 's5', 's4'}
WARNING:dd.bdd:Missing bits:  support - care_vars = {'s1', 's5', 's4'}
WARNING:dd.bdd:Missing bits:  support - care_vars = {'s5', 's4', 's3', 's1', 's2'}
WARNING:dd.bdd:Missing bits:  support - care_vars = {'s5', 's4', 's3', 's1', 's2'}
WARNING:dd.bdd:Missing bits:  support - care_vars = {'s1', 's2', 's5', 's4'}
WARNING:dd.bdd:Missing bits:  support - care_vars = {'s1', 's2', 's5', 's4'}
WARNING:dd.bdd:Missing bits:  support - care_vars = {'s5', 's4', 's3', 's1', 's2'}
WARNING:dd.bdd:Missing bits:  support - care_vars = {'s5', 's4', 's3', 's1', 's2'}
WARNING:dd.bdd:Missing bits:  support - care_vars = {'s5', 's4', 's3', 's1', 's2'}
WARNING:dd.bdd:Missing bits:  support - care_vars = {'s5', 's4', 's3', 's1', 's2'}
WARNING:dd.bdd:Missing bits:  support - care_vars = {'s1', 's2', 's5', 's4'}
WARNING:dd.bdd:Missing bits:  support - care_vars = {'s5', 's4', 's3', 's1', 's2'}
WARNING:dd.bdd:Missing bits:  support - care_vars = {'s1', 's2', 's5'}
WARNING:dd.bdd:Missing bits:  support - care_vars = {'s5', 's4', 's3', 's1', 's2'}
WARNING:dd.bdd:Missing bits:  support - care_vars = {'s5', 's4', 's3', 's1', 's2'}
WARNING:dd.bdd:Missing bits:  support - care_vars = {'s5', 's4', 's3', 's1', 's2'}
WARNING:dd.bdd:Missing bits:  support - care_vars = {'s5', 's4', 's3', 's1', 's2'}
WARNING:dd.bdd:Missing bits:  support - care_vars = {'s5', 's4', 's3', 's1', 's2'}
WARNING:dd.bdd:Missing bits:  support - care_vars = {'s5', 's4', 's3', 's1', 's2'}
WARNING:dd.bdd:Missing bits:  support - care_vars = {'s5', 's4', 's3', 's1', 's2'}
WARNING:dd.bdd:Missing bits:  support - care_vars = {'s1', 's2', 's3', 's5'}
WARNING:dd.bdd:Missing bits:  support - care_vars = {'s1', 's5', 's2', 's3', 's4'}
WARNING:dd.bdd:Missing bits:  support - care_vars = {'s1', 's5', 's2', 's3', 's4'}
WARNING:dd.bdd:Missing bits:  support - care_vars = {'s5', 's1', 's2', 's4'}
WARNING:dd.bdd:Missing bits:  support - care_vars = {'s5', 's1', 's2', 's4'}
WARNING:dd.bdd:Missing bits:  support - care_vars = {'s1', 's5', 's2', 's3', 's4'}
WARNING:dd.bdd:Missing bits:  support - care_vars = {'s1', 's5', 's2', 's3', 's4'}
WARNING:dd.bdd:Missing bits:  support - care_vars = {'s1', 's5', 's2', 's3', 's4'}
WARNING:dd.bdd:Missing bits:  support - care_vars = {'s1', 's5', 's2', 's3', 's4'}
WARNING:dd.bdd:Missing bits:  support - care_vars = {'s5', 's1', 's2', 's4'}
WARNING:dd.bdd:Missing bits:  support - care_vars = {'s1', 's5', 's2', 's3', 's4'}
WARNING:dd.bdd:Missing bits:  support - care_vars = {'s5', 's1', 's2'}
WARNING:dd.bdd:Missing bits:  support - care_vars = {'s1', 's5', 's2', 's3', 's4'}
WARNING:dd.bdd:Missing bits:  support - care_vars = {'s1', 's5', 's2', 's3', 's4'}
WARNING:dd.bdd:Missing bits:  support - care_vars = {'s1', 's5', 's2', 's3', 's4'}
WARNING:dd.bdd:Missing bits:  support - care_vars = {'s1', 's5', 's2', 's3', 's4'}
WARNING:dd.bdd:Missing bits:  support - care_vars = {'s1', 's5', 's2', 's3', 's4'}
WARNING:dd.bdd:Missing bits:  support - care_vars = {'s1', 's5', 's2', 's3', 's4'}
WARNING:dd.bdd:Missing bits:  support - care_vars = {'s1'}
WARNING:dd.bdd:Missing bits:  support - care_vars = {'s1', 's5', 's2', 's3', 's4'}
WARNING:dd.bdd:Missing bits:  support - care_vars = {'s2'}
WARNING:dd.bdd:Missing bits:  support - care_vars = {'s1', 's5', 's2', 's3', 's4'}
WARNING:dd.bdd:Missing bits:  support - care_vars = {'s2', 's1', 's3'}
WARNING:dd.bdd:Missing bits:  support - care_vars = {'s1', 's5', 's2', 's3', 's4'}
WARNING:dd.bdd:Missing bits:  support - care_vars = {'s2', 's1', 's4'}
WARNING:dd.bdd:Missing bits:  support - care_vars = {'s1', 's5', 's2', 's3', 's4'}
WARNING:dd.bdd:Missing bits:  support - care_vars = {'s5', 's1', 's2'}
WARNING:dd.bdd:Missing bits:  support - care_vars = {'s1', 's5', 's2', 's3', 's4'}
WARNING:dd.bdd:Missing bits:  support - care_vars = {'s5', 's1'}
WARNING:dd.bdd:Missing bits:  support - care_vars = {'s1', 's5', 's2', 's3', 's4'}
WARNING:dd.bdd:Missing bits:  support - care_vars = {'s5', 's2'}
WARNING:dd.bdd:Missing bits:  support - care_vars = {'s1', 's5', 's2', 's3', 's4'}
WARNING:dd.bdd:Missing bits:  support - care_vars = {'s5', 's3', 's1', 's2'}
WARNING:dd.bdd:Missing bits:  support - care_vars = {'s1', 's5', 's2', 's3', 's4'}
WARNING:dd.bdd:Missing bits:  support - care_vars = {'s5', 's1', 's2', 's4'}
INFO:root:Updating instance of StandardGlobalReflectiveEquilibrium.
WARNING:dd.bdd:Missing bits:  support - care_vars = {'s6', 's1', 's7', 's5', 's2', 's8', 's3', 's4'}
WARNING:dd.bdd:Missing bits:  support - care_vars = {'s6', 's1', 's7', 's5', 's2', 's8', 's3', 's4'}
WARNING:dd.bdd:Missing bits:  support - care_vars = {'s1'}
WARNING:dd.bdd:Missing bits:  support - care_vars = {'s6', 's1', 's7', 's5', 's2', 's8', 's3', 's4'}
WARNING:dd.bdd:Missing bits:  support - care_vars = {'s2'}
WARNING:dd.bdd:Missing bits:  support - care_vars = {'s6', 's1', 's7', 's5', 's2', 's8', 's3', 's4'}
WARNING:dd.bdd:Missing bits:  support - care_vars = {'s2', 's1', 's3'}
WARNING:dd.bdd:Missing bits:  support - care_vars = {'s6', 's1', 's7', 's5', 's2', 's8', 's3', 's4'}
WARNING:dd.bdd:Missing bits:  support - care_vars = {'s2', 's1', 's4'}
WARNING:dd.bdd:Missing bits:  support - care_vars = {'s6', 's1', 's7', 's5', 's2', 's8', 's3', 's4'}
WARNING:dd.bdd:Missing bits:  support - care_vars = {'s5', 's1', 's2'}
WARNING:dd.bdd:Missing bits:  support - care_vars = {'s6', 's1', 's7', 's5', 's2', 's8', 's3', 's4'}
WARNING:dd.bdd:Missing bits:  support - care_vars = {'s6', 's2', 's1'}
WARNING:dd.bdd:Missing bits:  support - care_vars = {'s6', 's1', 's7', 's5', 's2', 's8', 's3', 's4'}
WARNING:dd.bdd:Missing bits:  support - care_vars = {'s2', 's1', 's7'}
WARNING:dd.bdd:Missing bits:  support - care_vars = {'s6', 's1', 's7', 's5', 's2', 's8', 's3', 's4'}
WARNING:dd.bdd:Missing bits:  support - care_vars = {'s2', 's8', 's1'}
WARNING:dd.bdd:Missing bits:  support - care_vars = {'s6', 's1', 's7', 's5', 's2', 's8', 's3', 's4'}
WARNING:dd.bdd:Missing bits:  support - care_vars = {'s6', 's1'}
WARNING:dd.bdd:Missing bits:  support - care_vars = {'s6', 's1', 's7', 's5', 's2', 's8', 's3', 's4'}
WARNING:dd.bdd:Missing bits:  support - care_vars = {'s6', 's2'}
WARNING:dd.bdd:Missing bits:  support - care_vars = {'s6', 's1', 's7', 's5', 's2', 's8', 's3', 's4'}
WARNING:dd.bdd:Missing bits:  support - care_vars = {'s6', 's2', 's1', 's3'}
WARNING:dd.bdd:Missing bits:  support - care_vars = {'s6', 's1', 's7', 's5', 's2', 's8', 's3', 's4'}
WARNING:dd.bdd:Missing bits:  support - care_vars = {'s6', 's2', 's1', 's4'}
WARNING:dd.bdd:Missing bits:  support - care_vars = {'s6', 's1', 's7', 's5', 's2', 's8', 's3', 's4'}
WARNING:dd.bdd:Missing bits:  support - care_vars = {'s6', 's5', 's1', 's2'}
WARNING:dd.bdd:Missing bits:  support - care_vars = {'s6', 's1', 's7', 's5', 's2', 's8', 's3', 's4'}
WARNING:dd.bdd:Missing bits:  support - care_vars = {'s6', 's2', 's1', 's7'}
WARNING:dd.bdd:Missing bits:  support - care_vars = {'s6', 's1', 's7', 's5', 's2', 's8', 's3', 's4'}
WARNING:dd.bdd:Missing bits:  support - care_vars = {'s6', 's2', 's1', 's8'}
INFO:root:Updating instance of StandardGlobalReflectiveEquilibrium.
WARNING:dd.bdd:Missing bits:  support - care_vars = {'s6', 's1', 's7', 's5', 's2', 's3', 's4'}
WARNING:dd.bdd:Missing bits:  support - care_vars = {'s6', 's1', 's7', 's5', 's2', 's3', 's4'}
WARNING:dd.bdd:Missing bits:  support - care_vars = {'s1'}
WARNING:dd.bdd:Missing bits:  support - care_vars = {'s6', 's1', 's7', 's5', 's2', 's3', 's4'}
WARNING:dd.bdd:Missing bits:  support - care_vars = {'s2'}
WARNING:dd.bdd:Missing bits:  support - care_vars = {'s6', 's1', 's7', 's5', 's2', 's3', 's4'}
WARNING:dd.bdd:Missing bits:  support - care_vars = {'s2', 's1', 's3'}
WARNING:dd.bdd:Missing bits:  support - care_vars = {'s6', 's1', 's7', 's5', 's2', 's3', 's4'}
WARNING:dd.bdd:Missing bits:  support - care_vars = {'s2', 's1', 's4'}
WARNING:dd.bdd:Missing bits:  support - care_vars = {'s6', 's1', 's7', 's5', 's2', 's3', 's4'}
WARNING:dd.bdd:Missing bits:  support - care_vars = {'s5', 's1', 's2'}
WARNING:dd.bdd:Missing bits:  support - care_vars = {'s6', 's1', 's7', 's5', 's2', 's3', 's4'}
WARNING:dd.bdd:Missing bits:  support - care_vars = {'s6', 's2', 's1'}
WARNING:dd.bdd:Missing bits:  support - care_vars = {'s6', 's1', 's7', 's5', 's2', 's3', 's4'}
WARNING:dd.bdd:Missing bits:  support - care_vars = {'s2', 's1', 's7'}
WARNING:dd.bdd:Missing bits:  support - care_vars = {'s6', 's1', 's7', 's5', 's2', 's3', 's4'}
WARNING:dd.bdd:Missing bits:  support - care_vars = {'s6', 's1'}
WARNING:dd.bdd:Missing bits:  support - care_vars = {'s6', 's1', 's7', 's5', 's2', 's3', 's4'}
WARNING:dd.bdd:Missing bits:  support - care_vars = {'s6', 's2'}
WARNING:dd.bdd:Missing bits:  support - care_vars = {'s6', 's1', 's7', 's5', 's2', 's3', 's4'}
WARNING:dd.bdd:Missing bits:  support - care_vars = {'s6', 's2', 's1', 's3'}
WARNING:dd.bdd:Missing bits:  support - care_vars = {'s6', 's1', 's7', 's5', 's2', 's3', 's4'}
WARNING:dd.bdd:Missing bits:  support - care_vars = {'s6', 's2', 's1', 's4'}
WARNING:dd.bdd:Missing bits:  support - care_vars = {'s6', 's1', 's7', 's5', 's2', 's3', 's4'}
WARNING:dd.bdd:Missing bits:  support - care_vars = {'s6', 's5', 's1', 's2'}
WARNING:dd.bdd:Missing bits:  support - care_vars = {'s6', 's1', 's7', 's5', 's2', 's3', 's4'}
WARNING:dd.bdd:Missing bits:  support - care_vars = {'s6', 's2', 's1', 's7'}
INFO:root:Updating instance of StandardGlobalReflectiveEquilibrium.
WARNING:dd.bdd:Missing bits:  support - care_vars = {'s6', 's1', 's5', 's2', 's3', 's4'}
WARNING:dd.bdd:Missing bits:  support - care_vars = {'s6', 's1', 's5', 's2', 's3', 's4'}
WARNING:dd.bdd:Missing bits:  support - care_vars = {'s1'}
WARNING:dd.bdd:Missing bits:  support - care_vars = {'s6', 's1', 's5', 's2', 's3', 's4'}
WARNING:dd.bdd:Missing bits:  support - care_vars = {'s2'}
WARNING:dd.bdd:Missing bits:  support - care_vars = {'s6', 's1', 's5', 's2', 's3', 's4'}
WARNING:dd.bdd:Missing bits:  support - care_vars = {'s2', 's1', 's3'}
WARNING:dd.bdd:Missing bits:  support - care_vars = {'s6', 's1', 's5', 's2', 's3', 's4'}
WARNING:dd.bdd:Missing bits:  support - care_vars = {'s2', 's1', 's4'}
WARNING:dd.bdd:Missing bits:  support - care_vars = {'s6', 's1', 's5', 's2', 's3', 's4'}
WARNING:dd.bdd:Missing bits:  support - care_vars = {'s5', 's1', 's2'}
WARNING:dd.bdd:Missing bits:  support - care_vars = {'s6', 's1', 's5', 's2', 's3', 's4'}
WARNING:dd.bdd:Missing bits:  support - care_vars = {'s6', 's2', 's1'}
WARNING:dd.bdd:Missing bits:  support - care_vars = {'s6', 's1', 's5', 's2', 's3', 's4'}
WARNING:dd.bdd:Missing bits:  support - care_vars = {'s1', 's4'}
WARNING:dd.bdd:Missing bits:  support - care_vars = {'s6', 's1', 's5', 's2', 's3', 's4'}
WARNING:dd.bdd:Missing bits:  support - care_vars = {'s2', 's4'}
WARNING:dd.bdd:Missing bits:  support - care_vars = {'s6', 's1', 's5', 's2', 's3', 's4'}
WARNING:dd.bdd:Missing bits:  support - care_vars = {'s2', 's1', 's3', 's4'}
WARNING:dd.bdd:Missing bits:  support - care_vars = {'s6', 's1', 's5', 's2', 's3', 's4'}
WARNING:dd.bdd:Missing bits:  support - care_vars = {'s5', 's1', 's2', 's4'}
WARNING:dd.bdd:Missing bits:  support - care_vars = {'s6', 's1', 's5', 's2', 's3', 's4'}
WARNING:dd.bdd:Missing bits:  support - care_vars = {'s6', 's2', 's1', 's4'}
INFO:root:Updating instance of StandardGlobalReflectiveEquilibrium.
WARNING:dd.bdd:Missing bits:  support - care_vars = {'s1', 's5', 's2', 's3', 's4'}
WARNING:dd.bdd:Missing bits:  support - care_vars = {'s1', 's5', 's2', 's3', 's4'}
WARNING:dd.bdd:Missing bits:  support - care_vars = {'s1'}
WARNING:dd.bdd:Missing bits:  support - care_vars = {'s1', 's5', 's2', 's3', 's4'}
WARNING:dd.bdd:Missing bits:  support - care_vars = {'s2'}
WARNING:dd.bdd:Missing bits:  support - care_vars = {'s1', 's5', 's2', 's3', 's4'}
WARNING:dd.bdd:Missing bits:  support - care_vars = {'s2', 's1', 's3'}
WARNING:dd.bdd:Missing bits:  support - care_vars = {'s1', 's5', 's2', 's3', 's4'}
WARNING:dd.bdd:Missing bits:  support - care_vars = {'s2', 's1', 's4'}
WARNING:dd.bdd:Missing bits:  support - care_vars = {'s1', 's5', 's2', 's3', 's4'}
WARNING:dd.bdd:Missing bits:  support - care_vars = {'s5', 's1', 's2'}
WARNING:dd.bdd:Missing bits:  support - care_vars = {'s1', 's5', 's2', 's3', 's4'}
WARNING:dd.bdd:Missing bits:  support - care_vars = {'s1', 's4'}
WARNING:dd.bdd:Missing bits:  support - care_vars = {'s1', 's5', 's2', 's3', 's4'}
WARNING:dd.bdd:Missing bits:  support - care_vars = {'s2', 's4'}
WARNING:dd.bdd:Missing bits:  support - care_vars = {'s1', 's5', 's2', 's3', 's4'}
WARNING:dd.bdd:Missing bits:  support - care_vars = {'s2', 's1', 's3', 's4'}
WARNING:dd.bdd:Missing bits:  support - care_vars = {'s1', 's5', 's2', 's3', 's4'}
WARNING:dd.bdd:Missing bits:  support - care_vars = {'s5', 's1', 's2', 's4'}
INFO:root:Updating instance of StandardGlobalReflectiveEquilibrium.
WARNING:dd.bdd:Missing bits:  support - care_vars = {'s6', 's1', 's5', 's2', 's3', 's4'}
WARNING:dd.bdd:Missing bits:  support - care_vars = {'s6', 's1', 's5', 's2', 's3', 's4'}
WARNING:dd.bdd:Missing bits:  support - care_vars = {'s1'}
WARNING:dd.bdd:Missing bits:  support - care_vars = {'s6', 's1', 's5', 's2', 's3', 's4'}
WARNING:dd.bdd:Missing bits:  support - care_vars = {'s2'}
WARNING:dd.bdd:Missing bits:  support - care_vars = {'s6', 's1', 's5', 's2', 's3', 's4'}
WARNING:dd.bdd:Missing bits:  support - care_vars = {'s2', 's1', 's3'}
WARNING:dd.bdd:Missing bits:  support - care_vars = {'s6', 's1', 's5', 's2', 's3', 's4'}
WARNING:dd.bdd:Missing bits:  support - care_vars = {'s2', 's1', 's4'}
WARNING:dd.bdd:Missing bits:  support - care_vars = {'s6', 's1', 's5', 's2', 's3', 's4'}
WARNING:dd.bdd:Missing bits:  support - care_vars = {'s5', 's1', 's2'}
WARNING:dd.bdd:Missing bits:  support - care_vars = {'s6', 's1', 's5', 's2', 's3', 's4'}
WARNING:dd.bdd:Missing bits:  support - care_vars = {'s6', 's2', 's1'}
WARNING:dd.bdd:Missing bits:  support - care_vars = {'s6', 's1', 's5', 's2', 's3', 's4'}
WARNING:dd.bdd:Missing bits:  support - care_vars = {'s5', 's1'}
WARNING:dd.bdd:Missing bits:  support - care_vars = {'s6', 's1', 's5', 's2', 's3', 's4'}
WARNING:dd.bdd:Missing bits:  support - care_vars = {'s5', 's2'}
WARNING:dd.bdd:Missing bits:  support - care_vars = {'s6', 's1', 's5', 's2', 's3', 's4'}
WARNING:dd.bdd:Missing bits:  support - care_vars = {'s5', 's3', 's1', 's2'}
WARNING:dd.bdd:Missing bits:  support - care_vars = {'s6', 's1', 's5', 's2', 's3', 's4'}
WARNING:dd.bdd:Missing bits:  support - care_vars = {'s5', 's1', 's2', 's4'}
WARNING:dd.bdd:Missing bits:  support - care_vars = {'s6', 's1', 's5', 's2', 's3', 's4'}
WARNING:dd.bdd:Missing bits:  support - care_vars = {'s6', 's5', 's1', 's2'}
INFO:root:Updating instance of StandardGlobalReflectiveEquilibrium.
